# Compile Python3.6
1. get python3.6 source code from www.python.org
 --command: wget https://www.python.org/ftp/python/3.6.4/Python-3.6.4.tar.xz
 --command: tar -xf Python-3.6.4/Python-3.6.4.tar.xz
 --command: cd Python-3.6.4 
2. configure
 --command: ./configure --prefix=/usr/local/python3.6
3. make
 --command: make
4. make install
 --command: sudo make install
5. create soft link
 --command: sudo ln -s /usr/local/python3.6/bin/python3.6 /usr/bin/python3.6 
 --command: sudo ln -s /usr/local/python3.6/bin/pip3 /usr/bin/pip3
 --command: sudo ln -s /usr/local/python3.6/bin/django-admin /usr/bin/django-admin # config django environment


# Compile sqlite3
1. get sqlite3 source code from http://www.sqlite.org/2017/sqlite-autoconf-3210000.tar.gz
 --command: wget http://www.sqlite.org/2017/sqlite-autoconf-3210000.tar.gz
2. configure
 --command ./configure --prefix=/usr/local/sqlite3
3. compile
 --command: make
4. install
 --command: sudo make install
5. install sqlite-devel
 --command: sudo yum -y install sqlite-devel 


# Error:
1. when: configure
   msg: no acceptable C compiler found in $PATH
   solve: sudo yum -y install gcc
2. when: make
   msg: zipimport.ZipImportError: can't decompress data; zlib not available
   solve: sudo yum -y install zlib*
3. when: sudo pip3 install django
   msg: ssl module in Python is not available
   solve: rpm -aq|grep openssl # can't found openssl-devel
          sudo yum -y install openssl*
	  recompile

4. when: python3.6 manange.py startapp app1
   msg: ModuleNotFoundError No module named '_sqlite3'
   solve: config sqlite3, edit python3.6.4/setup.py to add search_path of sqlite and recompile
          vim setup.py
          search sqlite_inc_paths and add path '/usr/local/sqlite3/bin'
          recompile

